  AudioFileStandardiserApplication.cpp
  AudioPlayerGUI.cpp
  BatchRenameControls.cpp
  FileAndDirectoryControls.cpp
C:\Users\maxwa\Documents\AudioFileStandardiser\Builds\VisualStudio2019\Dependencies\taglib\include\taglib\tiostream.h(53,30): warning C4251:  'TagLib::FileName::m_name': class 'std::basic_string<char,std::char_traits<char>,std::allocator<char>>' needs to have dll-interface to be used by clients of class 'TagLib::FileName' (compiling source file ..\..\Source\BatchRenameControls.cpp)
C:\Program Files (x86)\Microsoft Visual Studio\2019\Community\VC\Tools\MSVC\14.21.27702\include\xstring(4231): message :  see declaration of 'std::basic_string<char,std::char_traits<char>,std::allocator<char>>' (compiling source file ..\..\Source\BatchRenameControls.cpp)
C:\Users\maxwa\Documents\AudioFileStandardiser\Builds\VisualStudio2019\Dependencies\taglib\include\taglib\tiostream.h(54,31): warning C4251:  'TagLib::FileName::m_wname': class 'std::basic_string<wchar_t,std::char_traits<wchar_t>,std::allocator<wchar_t>>' needs to have dll-interface to be used by clients of class 'TagLib::FileName' (compiling source file ..\..\Source\BatchRenameControls.cpp)
C:\Program Files (x86)\Microsoft Visual Studio\2019\Community\VC\Tools\MSVC\14.21.27702\include\xstring(4232): message :  see declaration of 'std::basic_string<wchar_t,std::char_traits<wchar_t>,std::allocator<wchar_t>>' (compiling source file ..\..\Source\BatchRenameControls.cpp)
C:\Users\maxwa\Documents\AudioFileStandardiser\Builds\VisualStudio2019\Dependencies\taglib\include\taglib\tiostream.h(53,30): warning C4251:  'TagLib::FileName::m_name': class 'std::basic_string<char,std::char_traits<char>,std::allocator<char>>' needs to have dll-interface to be used by clients of class 'TagLib::FileName' (compiling source file ..\..\Source\AudioPlayerGUI.cpp)
C:\Program Files (x86)\Microsoft Visual Studio\2019\Community\VC\Tools\MSVC\14.21.27702\include\xstring(4231): message :  see declaration of 'std::basic_string<char,std::char_traits<char>,std::allocator<char>>' (compiling source file ..\..\Source\AudioPlayerGUI.cpp)
C:\Users\maxwa\Documents\AudioFileStandardiser\Builds\VisualStudio2019\Dependencies\taglib\include\taglib\tiostream.h(54,31): warning C4251:  'TagLib::FileName::m_wname': class 'std::basic_string<wchar_t,std::char_traits<wchar_t>,std::allocator<wchar_t>>' needs to have dll-interface to be used by clients of class 'TagLib::FileName' (compiling source file ..\..\Source\AudioPlayerGUI.cpp)
C:\Program Files (x86)\Microsoft Visual Studio\2019\Community\VC\Tools\MSVC\14.21.27702\include\xstring(4232): message :  see declaration of 'std::basic_string<wchar_t,std::char_traits<wchar_t>,std::allocator<wchar_t>>' (compiling source file ..\..\Source\AudioPlayerGUI.cpp)
C:\Users\maxwa\Documents\AudioFileStandardiser\Builds\VisualStudio2019\Dependencies\taglib\include\taglib\tiostream.h(53,30): warning C4251:  'TagLib::FileName::m_name': class 'std::basic_string<char,std::char_traits<char>,std::allocator<char>>' needs to have dll-interface to be used by clients of class 'TagLib::FileName' (compiling source file ..\..\Source\AudioFileStandardiserApplication.cpp)
C:\Program Files (x86)\Microsoft Visual Studio\2019\Community\VC\Tools\MSVC\14.21.27702\include\xstring(4231): message :  see declaration of 'std::basic_string<char,std::char_traits<char>,std::allocator<char>>' (compiling source file ..\..\Source\AudioFileStandardiserApplication.cpp)
C:\Users\maxwa\Documents\AudioFileStandardiser\Builds\VisualStudio2019\Dependencies\taglib\include\taglib\tiostream.h(54,31): warning C4251:  'TagLib::FileName::m_wname': class 'std::basic_string<wchar_t,std::char_traits<wchar_t>,std::allocator<wchar_t>>' needs to have dll-interface to be used by clients of class 'TagLib::FileName' (compiling source file ..\..\Source\AudioFileStandardiserApplication.cpp)
C:\Program Files (x86)\Microsoft Visual Studio\2019\Community\VC\Tools\MSVC\14.21.27702\include\xstring(4232): message :  see declaration of 'std::basic_string<wchar_t,std::char_traits<wchar_t>,std::allocator<wchar_t>>' (compiling source file ..\..\Source\AudioFileStandardiserApplication.cpp)
C:\Users\maxwa\Documents\AudioFileStandardiser\Builds\VisualStudio2019\Dependencies\taglib\include\taglib\tiostream.h(53,30): warning C4251:  'TagLib::FileName::m_name': class 'std::basic_string<char,std::char_traits<char>,std::allocator<char>>' needs to have dll-interface to be used by clients of class 'TagLib::FileName' (compiling source file ..\..\Source\FileAndDirectoryControls.cpp)
C:\Program Files (x86)\Microsoft Visual Studio\2019\Community\VC\Tools\MSVC\14.21.27702\include\xstring(4231): message :  see declaration of 'std::basic_string<char,std::char_traits<char>,std::allocator<char>>' (compiling source file ..\..\Source\FileAndDirectoryControls.cpp)
C:\Users\maxwa\Documents\AudioFileStandardiser\Builds\VisualStudio2019\Dependencies\taglib\include\taglib\tiostream.h(54,31): warning C4251:  'TagLib::FileName::m_wname': class 'std::basic_string<wchar_t,std::char_traits<wchar_t>,std::allocator<wchar_t>>' needs to have dll-interface to be used by clients of class 'TagLib::FileName' (compiling source file ..\..\Source\FileAndDirectoryControls.cpp)
C:\Program Files (x86)\Microsoft Visual Studio\2019\Community\VC\Tools\MSVC\14.21.27702\include\xstring(4232): message :  see declaration of 'std::basic_string<wchar_t,std::char_traits<wchar_t>,std::allocator<wchar_t>>' (compiling source file ..\..\Source\FileAndDirectoryControls.cpp)
C:\Users\maxwa\Documents\AudioFileStandardiser\Source\AudioPlayerListener.h(21,46): warning C4100:  'playerThatHasFinished': unreferenced formal parameter (compiling source file ..\..\Source\BatchRenameControls.cpp)
C:\Users\maxwa\Documents\AudioFileStandardiser\Source\AudioPlayerListener.h(21,46): warning C4100:  'playerThatHasFinished': unreferenced formal parameter (compiling source file ..\..\Source\AudioPlayerGUI.cpp)
C:\Users\maxwa\Documents\AudioFileStandardiser\Source\AudioPlayerListener.h(21,46): warning C4100:  'playerThatHasFinished': unreferenced formal parameter (compiling source file ..\..\Source\AudioFileStandardiserApplication.cpp)
C:\Users\maxwa\Documents\AudioFileStandardiser\Source\AudioPlayerGUI.cpp(29,50): warning C4244:  'argument': conversion from 'double' to 'float', possible loss of data
C:\Users\maxwa\Documents\AudioFileStandardiser\Source\AudioPlayerListener.h(21,46): warning C4100:  'playerThatHasFinished': unreferenced formal parameter (compiling source file ..\..\Source\FileAndDirectoryControls.cpp)
  IntroComponent.cpp
  Main.cpp
  NewMainComponent.cpp
  TableModel.cpp
C:\Users\maxwa\Documents\AudioFileStandardiser\Source\AudioFileStandardiserApplication.cpp(38,65): warning C4100:  'commandLine': unreferenced formal parameter
C:\Users\maxwa\Documents\AudioFileStandardiser\Builds\VisualStudio2019\Dependencies\taglib\include\taglib\tiostream.h(53,30): warning C4251:  'TagLib::FileName::m_name': class 'std::basic_string<char,std::char_traits<char>,std::allocator<char>>' needs to have dll-interface to be used by clients of class 'TagLib::FileName' (compiling source file ..\..\Source\IntroComponent.cpp)
C:\Program Files (x86)\Microsoft Visual Studio\2019\Community\VC\Tools\MSVC\14.21.27702\include\xstring(4231): message :  see declaration of 'std::basic_string<char,std::char_traits<char>,std::allocator<char>>' (compiling source file ..\..\Source\IntroComponent.cpp)
C:\Users\maxwa\Documents\AudioFileStandardiser\Builds\VisualStudio2019\Dependencies\taglib\include\taglib\tiostream.h(54,31): warning C4251:  'TagLib::FileName::m_wname': class 'std::basic_string<wchar_t,std::char_traits<wchar_t>,std::allocator<wchar_t>>' needs to have dll-interface to be used by clients of class 'TagLib::FileName' (compiling source file ..\..\Source\IntroComponent.cpp)
C:\Program Files (x86)\Microsoft Visual Studio\2019\Community\VC\Tools\MSVC\14.21.27702\include\xstring(4232): message :  see declaration of 'std::basic_string<wchar_t,std::char_traits<wchar_t>,std::allocator<wchar_t>>' (compiling source file ..\..\Source\IntroComponent.cpp)
C:\Users\maxwa\Documents\AudioFileStandardiser\Builds\VisualStudio2019\Dependencies\taglib\include\taglib\tiostream.h(53,30): warning C4251:  'TagLib::FileName::m_name': class 'std::basic_string<char,std::char_traits<char>,std::allocator<char>>' needs to have dll-interface to be used by clients of class 'TagLib::FileName' (compiling source file ..\..\Source\Main.cpp)
C:\Program Files (x86)\Microsoft Visual Studio\2019\Community\VC\Tools\MSVC\14.21.27702\include\xstring(4231): message :  see declaration of 'std::basic_string<char,std::char_traits<char>,std::allocator<char>>' (compiling source file ..\..\Source\Main.cpp)
C:\Users\maxwa\Documents\AudioFileStandardiser\Builds\VisualStudio2019\Dependencies\taglib\include\taglib\tiostream.h(54,31): warning C4251:  'TagLib::FileName::m_wname': class 'std::basic_string<wchar_t,std::char_traits<wchar_t>,std::allocator<wchar_t>>' needs to have dll-interface to be used by clients of class 'TagLib::FileName' (compiling source file ..\..\Source\Main.cpp)
C:\Program Files (x86)\Microsoft Visual Studio\2019\Community\VC\Tools\MSVC\14.21.27702\include\xstring(4232): message :  see declaration of 'std::basic_string<wchar_t,std::char_traits<wchar_t>,std::allocator<wchar_t>>' (compiling source file ..\..\Source\Main.cpp)
C:\Users\maxwa\Documents\AudioFileStandardiser\Builds\VisualStudio2019\Dependencies\taglib\include\taglib\tiostream.h(53,30): warning C4251:  'TagLib::FileName::m_name': class 'std::basic_string<char,std::char_traits<char>,std::allocator<char>>' needs to have dll-interface to be used by clients of class 'TagLib::FileName' (compiling source file ..\..\Source\NewMainComponent.cpp)
C:\Program Files (x86)\Microsoft Visual Studio\2019\Community\VC\Tools\MSVC\14.21.27702\include\xstring(4231): message :  see declaration of 'std::basic_string<char,std::char_traits<char>,std::allocator<char>>' (compiling source file ..\..\Source\NewMainComponent.cpp)
C:\Users\maxwa\Documents\AudioFileStandardiser\Builds\VisualStudio2019\Dependencies\taglib\include\taglib\tiostream.h(54,31): warning C4251:  'TagLib::FileName::m_wname': class 'std::basic_string<wchar_t,std::char_traits<wchar_t>,std::allocator<wchar_t>>' needs to have dll-interface to be used by clients of class 'TagLib::FileName' (compiling source file ..\..\Source\NewMainComponent.cpp)
C:\Program Files (x86)\Microsoft Visual Studio\2019\Community\VC\Tools\MSVC\14.21.27702\include\xstring(4232): message :  see declaration of 'std::basic_string<wchar_t,std::char_traits<wchar_t>,std::allocator<wchar_t>>' (compiling source file ..\..\Source\NewMainComponent.cpp)
C:\Users\maxwa\Documents\AudioFileStandardiser\Builds\VisualStudio2019\Dependencies\taglib\include\taglib\tiostream.h(53,30): warning C4251:  'TagLib::FileName::m_name': class 'std::basic_string<char,std::char_traits<char>,std::allocator<char>>' needs to have dll-interface to be used by clients of class 'TagLib::FileName' (compiling source file ..\..\Source\TableModel.cpp)
C:\Program Files (x86)\Microsoft Visual Studio\2019\Community\VC\Tools\MSVC\14.21.27702\include\xstring(4231): message :  see declaration of 'std::basic_string<char,std::char_traits<char>,std::allocator<char>>' (compiling source file ..\..\Source\TableModel.cpp)
C:\Users\maxwa\Documents\AudioFileStandardiser\Builds\VisualStudio2019\Dependencies\taglib\include\taglib\tiostream.h(54,31): warning C4251:  'TagLib::FileName::m_wname': class 'std::basic_string<wchar_t,std::char_traits<wchar_t>,std::allocator<wchar_t>>' needs to have dll-interface to be used by clients of class 'TagLib::FileName' (compiling source file ..\..\Source\TableModel.cpp)
C:\Program Files (x86)\Microsoft Visual Studio\2019\Community\VC\Tools\MSVC\14.21.27702\include\xstring(4232): message :  see declaration of 'std::basic_string<wchar_t,std::char_traits<wchar_t>,std::allocator<wchar_t>>' (compiling source file ..\..\Source\TableModel.cpp)
C:\Users\maxwa\Documents\AudioFileStandardiser\Source\AudioPlayerListener.h(21,46): warning C4100:  'playerThatHasFinished': unreferenced formal parameter (compiling source file ..\..\Source\IntroComponent.cpp)
C:\Users\maxwa\Documents\AudioFileStandardiser\Source\AudioPlayerListener.h(21,46): warning C4100:  'playerThatHasFinished': unreferenced formal parameter (compiling source file ..\..\Source\Main.cpp)
C:\Users\maxwa\Documents\AudioFileStandardiser\Source\AudioPlayerListener.h(21,46): warning C4100:  'playerThatHasFinished': unreferenced formal parameter (compiling source file ..\..\Source\NewMainComponent.cpp)
C:\Users\maxwa\Documents\AudioFileStandardiser\Source\AudioPlayerListener.h(21,46): warning C4100:  'playerThatHasFinished': unreferenced formal parameter (compiling source file ..\..\Source\TableModel.cpp)
C:\Users\maxwa\Documents\AudioFileStandardiser\Source\NewMainComponent.cpp(52,41): warning C4100:  'g': unreferenced formal parameter
C:\Users\maxwa\Documents\AudioFileStandardiser\Source\TableModel.cpp(39,34): warning C4244:  'argument': conversion from 'int' to 'float', possible loss of data
C:\Users\maxwa\Documents\AudioFileStandardiser\Source\TableModel.cpp(39,27): warning C4244:  'argument': conversion from 'int' to 'float', possible loss of data
C:\Users\maxwa\Documents\AudioFileStandardiser\Source\TableModel.cpp(39,19): warning C4244:  'argument': conversion from 'int' to 'float', possible loss of data
C:\Users\maxwa\Documents\AudioFileStandardiser\Source\TableModel.cpp(29,93): warning C4100:  'rowIsSelected': unreferenced formal parameter
C:\Users\maxwa\Documents\AudioFileStandardiser\Source\TableModel.cpp(42,98): warning C4100:  'rowIsSelected': unreferenced formal parameter
C:\Users\maxwa\Documents\AudioFileStandardiser\Source\TableModel.cpp(42,85): warning C4100:  'height': unreferenced formal parameter
C:\Users\maxwa\Documents\AudioFileStandardiser\Source\TableModel.cpp(42,74): warning C4100:  'width': unreferenced formal parameter
C:\Users\maxwa\Documents\AudioFileStandardiser\Source\TableModel.cpp(42,60): warning C4100:  'columnId': unreferenced formal parameter
C:\Users\maxwa\Documents\AudioFileStandardiser\Source\TableModel.cpp(42,45): warning C4100:  'rowNumber': unreferenced formal parameter
C:\Users\maxwa\Documents\AudioFileStandardiser\Source\TableModel.cpp(42,38): warning C4100:  'g': unreferenced formal parameter
C:\Users\maxwa\Documents\AudioFileStandardiser\Source\TableModel.cpp(47,82): warning C4100:  'isRowSelected': unreferenced formal parameter
  AudioFileStandardiser_App.vcxproj -> C:\Users\maxwa\Documents\AudioFileStandardiser\Builds\VisualStudio2019\x64\Debug\App\AudioFileStandardiser.exe
